<?xml version="1.0" encoding="UTF-8"?>
<testng-results skipped="0" failed="0" ignored="0" total="1" passed="1">
  <reporter-output>
  </reporter-output>
  <suite name="Suite" duration-ms="15712" started-at="2019-04-17T05:40:51Z" finished-at="2019-04-17T05:41:07Z">
    <groups>
    </groups>
    <test name="Test" duration-ms="15712" started-at="2019-04-17T05:40:51Z" finished-at="2019-04-17T05:41:07Z">
      <class name="com.chirag.seleniumframework.HomePageTest">
        <test-method status="PASS" signature="initialize()[pri:0, instance:com.chirag.seleniumframework.HomePageTest@4ac3c60d]" name="initialize" is-config="true" duration-ms="5863" started-at="2019-04-17T05:40:51Z" finished-at="2019-04-17T05:40:57Z">
          <reporter-output>
          </reporter-output>
        </test-method> <!-- initialize -->
        <test-method status="PASS" signature="openHomePage()[pri:0, instance:com.chirag.seleniumframework.HomePageTest@4ac3c60d]" name="openHomePage" duration-ms="7453" started-at="2019-04-17T05:40:57Z" finished-at="2019-04-17T05:41:05Z">
          <reporter-output>
          </reporter-output>
        </test-method> <!-- openHomePage -->
        <test-method status="PASS" signature="disposeDriver()[pri:0, instance:com.chirag.seleniumframework.HomePageTest@4ac3c60d]" name="disposeDriver" is-config="true" duration-ms="2387" started-at="2019-04-17T05:41:05Z" finished-at="2019-04-17T05:41:07Z">
          <reporter-output>
          </reporter-output>
        </test-method> <!-- disposeDriver -->
      </class> <!-- com.chirag.seleniumframework.HomePageTest -->
    </test> <!-- Test -->
  </suite> <!-- Suite -->
</testng-results>
